0 info it worked if it ends with ok
1 verbose cli [ 'node', '/usr/local/bin/npm', 'install', '-g', 'underscore' ]
2 info using npm@1.3.8
3 info using node@v0.10.17
4 verbose cache add [ 'underscore', null ]
5 verbose cache add name=undefined spec="underscore" args=["underscore",null]
6 verbose parsed url { protocol: null,
6 verbose parsed url   slashes: null,
6 verbose parsed url   auth: null,
6 verbose parsed url   host: null,
6 verbose parsed url   port: null,
6 verbose parsed url   hostname: null,
6 verbose parsed url   hash: null,
6 verbose parsed url   search: null,
6 verbose parsed url   query: null,
6 verbose parsed url   pathname: 'underscore',
6 verbose parsed url   path: 'underscore',
6 verbose parsed url   href: 'underscore' }
7 silly lockFile 64bc6893-underscore underscore
8 verbose lock underscore /Users/josue/.npm/64bc6893-underscore.lock
9 silly lockFile 64bc6893-underscore underscore
10 silly lockFile 64bc6893-underscore underscore
11 verbose addNamed [ 'underscore', '' ]
12 verbose addNamed [ null, '*' ]
13 silly lockFile 7629b758-underscore underscore@
14 verbose lock underscore@ /Users/josue/.npm/7629b758-underscore.lock
15 silly addNameRange { name: 'underscore', range: '*', hasData: false }
16 verbose url raw underscore
17 verbose url resolving [ 'https://registry.npmjs.org/', './underscore' ]
18 verbose url resolved https://registry.npmjs.org/underscore
19 info trying registry request attempt 1 at 11:26:52
20 verbose etag "4TPMEUNHOJCBPU6ABL9SRRTLA"
21 http GET https://registry.npmjs.org/underscore
22 http 200 https://registry.npmjs.org/underscore
23 silly registry.get cb [ 200,
23 silly registry.get   { date: 'Thu, 10 Apr 2014 16:26:53 GMT',
23 silly registry.get     server: 'CouchDB/1.5.0 (Erlang OTP/R14B04)',
23 silly registry.get     etag: '"EDTVUTGN7Q748MR6SXI3T3R8K"',
23 silly registry.get     'content-type': 'application/json',
23 silly registry.get     via: '1.1 varnish',
23 silly registry.get     'cache-control': 'max-age=1',
23 silly registry.get     'content-length': '29805',
23 silly registry.get     'accept-ranges': 'bytes',
23 silly registry.get     age: '49',
23 silly registry.get     'x-served-by': 'cache-v36-ASH, cache-c48-CHI',
23 silly registry.get     'x-cache': 'HIT, HIT',
23 silly registry.get     'x-cache-hits': '1, 2',
23 silly registry.get     'x-timer': 'S1397147213.200847626,VS0,VE0',
23 silly registry.get     vary: 'Accept',
23 silly registry.get     'keep-alive': 'timeout=10, max=50',
23 silly registry.get     connection: 'Keep-Alive' } ]
24 silly addNameRange number 2 { name: 'underscore', range: '*', hasData: true }
25 silly addNameRange versions [ 'underscore',
25 silly addNameRange   [ '1.0.3',
25 silly addNameRange     '1.0.4',
25 silly addNameRange     '1.1.0',
25 silly addNameRange     '1.1.1',
25 silly addNameRange     '1.1.2',
25 silly addNameRange     '1.1.3',
25 silly addNameRange     '1.1.4',
25 silly addNameRange     '1.1.5',
25 silly addNameRange     '1.1.6',
25 silly addNameRange     '1.1.7',
25 silly addNameRange     '1.2.0',
25 silly addNameRange     '1.2.1',
25 silly addNameRange     '1.2.2',
25 silly addNameRange     '1.2.3',
25 silly addNameRange     '1.2.4',
25 silly addNameRange     '1.3.0',
25 silly addNameRange     '1.3.1',
25 silly addNameRange     '1.3.2',
25 silly addNameRange     '1.3.3',
25 silly addNameRange     '1.4.0',
25 silly addNameRange     '1.4.1',
25 silly addNameRange     '1.4.2',
25 silly addNameRange     '1.4.3',
25 silly addNameRange     '1.4.4',
25 silly addNameRange     '1.5.0',
25 silly addNameRange     '1.5.1',
25 silly addNameRange     '1.5.2',
25 silly addNameRange     '1.6.0' ] ]
26 verbose addNamed [ 'underscore', '1.6.0' ]
27 verbose addNamed [ '1.6.0', '1.6.0' ]
28 silly lockFile 96960ed1-underscore-1-6-0 underscore@1.6.0
29 verbose lock underscore@1.6.0 /Users/josue/.npm/96960ed1-underscore-1-6-0.lock
30 silly lockFile 96960ed1-underscore-1-6-0 underscore@1.6.0
31 silly lockFile 96960ed1-underscore-1-6-0 underscore@1.6.0
32 silly lockFile 7629b758-underscore underscore@
33 silly lockFile 7629b758-underscore underscore@
34 silly resolved [ { name: 'underscore',
34 silly resolved     description: 'JavaScript\'s functional programming helper library.',
34 silly resolved     homepage: 'http://underscorejs.org',
34 silly resolved     keywords: [ 'util', 'functional', 'server', 'client', 'browser' ],
34 silly resolved     author: { name: 'Jeremy Ashkenas', email: 'jeremy@documentcloud.org' },
34 silly resolved     repository:
34 silly resolved      { type: 'git',
34 silly resolved        url: 'git://github.com/jashkenas/underscore.git' },
34 silly resolved     main: 'underscore.js',
34 silly resolved     version: '1.6.0',
34 silly resolved     devDependencies: { docco: '0.6.x', phantomjs: '1.9.0-1', 'uglify-js': '2.4.x' },
34 silly resolved     scripts:
34 silly resolved      { test: 'phantomjs test/vendor/runner.js test/index.html?noglobals=true',
34 silly resolved        build: 'uglifyjs underscore.js -c "evaluate=false" --comments "/    .*/" -m --source-map underscore-min.map -o underscore-min.js',
34 silly resolved        doc: 'docco underscore.js' },
34 silly resolved     licenses: [ [Object] ],
34 silly resolved     files: [ 'underscore.js', 'underscore-min.js', 'LICENSE' ],
34 silly resolved     readme: '                       __\n                      /\\ \\                                                         __\n     __  __    ___    \\_\\ \\     __   _ __   ____    ___    ___   _ __    __       /\\_\\    ____\n    /\\ \\/\\ \\ /\' _ `\\  /\'_  \\  /\'__`\\/\\  __\\/ ,__\\  / ___\\ / __`\\/\\  __\\/\'__`\\     \\/\\ \\  /\',__\\\n    \\ \\ \\_\\ \\/\\ \\/\\ \\/\\ \\ \\ \\/\\  __/\\ \\ \\//\\__, `\\/\\ \\__//\\ \\ \\ \\ \\ \\//\\  __/  __  \\ \\ \\/\\__, `\\\n     \\ \\____/\\ \\_\\ \\_\\ \\___,_\\ \\____\\\\ \\_\\\\/\\____/\\ \\____\\ \\____/\\ \\_\\\\ \\____\\/\\_\\ _\\ \\ \\/\\____/\n      \\/___/  \\/_/\\/_/\\/__,_ /\\/____/ \\/_/ \\/___/  \\/____/\\/___/  \\/_/ \\/____/\\/_//\\ \\_\\ \\/___/\n                                                                                  \\ \\____/\n                                                                                   \\/___/\n\nUnderscore.js is a utility-belt library for JavaScript that provides\nsupport for the usual functional suspects (each, map, reduce, filter...)\nwithout extending any core JavaScript objects.\n\nFor Docs, License, Tests, and pre-packed downloads, see:\nhttp://underscorejs.org\n\nUnderscore is an open-sourced component of DocumentCloud:\nhttps://github.com/documentcloud\n\nMany thanks to our contributors:\nhttps://github.com/jashkenas/underscore/contributors\n',
34 silly resolved     readmeFilename: 'README.md',
34 silly resolved     bugs: { url: 'https://github.com/jashkenas/underscore/issues' },
34 silly resolved     _id: 'underscore@1.6.0',
34 silly resolved     _from: 'underscore@' } ]
35 info install underscore@1.6.0 into /usr/local/lib
36 info installOne underscore@1.6.0
37 info /usr/local/lib/node_modules/underscore unbuild
38 verbose tar unpack /Users/josue/.npm/underscore/1.6.0/package.tgz
39 silly lockFile a88949b5-ocal-lib-node-modules-underscore tar:///usr/local/lib/node_modules/underscore
40 verbose lock tar:///usr/local/lib/node_modules/underscore /Users/josue/.npm/a88949b5-ocal-lib-node-modules-underscore.lock
41 silly lockFile c9cf7e08-npm-underscore-1-6-0-package-tgz tar:///Users/josue/.npm/underscore/1.6.0/package.tgz
42 verbose lock tar:///Users/josue/.npm/underscore/1.6.0/package.tgz /Users/josue/.npm/c9cf7e08-npm-underscore-1-6-0-package-tgz.lock
43 silly gunzTarPerm modes [ '755', '644' ]
44 error Error: EACCES, mkdir '/usr/local/lib/node_modules/underscore'
44 error  { [Error: EACCES, mkdir '/usr/local/lib/node_modules/underscore']
44 error   errno: 3,
44 error   code: 'EACCES',
44 error   path: '/usr/local/lib/node_modules/underscore',
44 error   fstream_type: 'Directory',
44 error   fstream_path: '/usr/local/lib/node_modules/underscore',
44 error   fstream_class: 'DirWriter',
44 error   fstream_stack:
44 error    [ '/usr/local/lib/node_modules/npm/node_modules/fstream/lib/dir-writer.js:36:23',
44 error      '/usr/local/lib/node_modules/npm/node_modules/mkdirp/index.js:37:53',
44 error      'Object.oncomplete (fs.js:107:15)' ] }
45 error Please try running this command again as root/Administrator.
46 error System Darwin 13.1.0
47 error command "node" "/usr/local/bin/npm" "install" "-g" "underscore"
48 error cwd /Users/josue/Documents/proyectos/ean-node
49 error node -v v0.10.17
50 error npm -v 1.3.8
51 error path /usr/local/lib/node_modules/underscore
52 error fstream_path /usr/local/lib/node_modules/underscore
53 error fstream_type Directory
54 error fstream_class DirWriter
55 error code EACCES
56 error errno 3
57 error stack Error: EACCES, mkdir '/usr/local/lib/node_modules/underscore'
58 error fstream_stack /usr/local/lib/node_modules/npm/node_modules/fstream/lib/dir-writer.js:36:23
58 error fstream_stack /usr/local/lib/node_modules/npm/node_modules/mkdirp/index.js:37:53
58 error fstream_stack Object.oncomplete (fs.js:107:15)
59 verbose exit [ 3, true ]
